#
# There is insufficient memory for the Java Runtime Environment to continue.
# Native memory allocation (mmap) failed to map 266338304 bytes for G1 virtual space
# Possible reasons:
#   The system is out of physical RAM or swap space
#   The process is running with CompressedOops enabled, and the Java Heap may be blocking the growth of the native heap
# Possible solutions:
#   Reduce memory load on the system
#   Increase physical memory or swap space
#   Check if swap backing store is full
#   Decrease Java heap size (-Xmx/-Xms)
#   Decrease number of Java threads
#   Decrease Java thread stack sizes (-Xss)
#   Set larger code cache with -XX:ReservedCodeCacheSize=
#   JVM is running with Zero Based Compressed Oops mode in which the Java heap is
#     placed in the first 32GB address space. The Java Heap base address is the
#     maximum limit for the native heap growth. Please use -XX:HeapBaseMinAddress
#     to set the Java Heap base and to place the Java Heap above 32GB virtual address.
# This output file may be truncated or incomplete.
#
#  Out of Memory Error (os_windows.cpp:3528), pid=1152, tid=11036
#
# JRE version:  (20.0.2+9) (build )
# Java VM: Java HotSpot(TM) 64-Bit Server VM (20.0.2+9-78, mixed mode, sharing, tiered, compressed oops, compressed class ptrs, g1 gc, windows-amd64)
# No core dump will be written. Minidumps are not enabled by default on client versions of Windows
#

---------------  S U M M A R Y ------------

Command Line: -Dfile.encoding=UTF-8 --module-path=C:\Users\ar317\OneDrive\Documents\NetBeansProjects\University Management System\build\classes university.management.system.About

Host: Intel(R) Core(TM) i5-10300H CPU @ 2.50GHz, 8 cores, 15G,  Windows 11 , 64 bit Build 22621 (10.0.22621.3672)
Time: Mon Aug 12 19:21:17 2024 India Standard Time elapsed time: 0.012148 seconds (0d 0h 0m 0s)

---------------  T H R E A D  ---------------

Current thread (0x0000026b85e7dc90):  JavaThread "Unknown thread" [_thread_in_vm, id=11036, stack(0x000000fd63e00000,0x000000fd63f00000)]

Stack: [0x000000fd63e00000,0x000000fd63f00000]
Native frames: (J=compiled Java code, j=interpreted, Vv=VM code, C=native code)
V  [jvm.dll+0x6bc25a]
V  [jvm.dll+0x84971a]
V  [jvm.dll+0x84b315]
V  [jvm.dll+0x84ba13]
V  [jvm.dll+0x280e4f]
V  [jvm.dll+0x6b8fe9]
V  [jvm.dll+0x6adbca]
V  [jvm.dll+0x35b165]
V  [jvm.dll+0x363386]
V  [jvm.dll+0x3b400e]
V  [jvm.dll+0x3b4295]
V  [jvm.dll+0x32b86a]
V  [jvm.dll+0x32c68b]
V  [jvm.dll+0x8123df]
V  [jvm.dll+0x3c1261]
V  [jvm.dll+0x7fe103]
V  [jvm.dll+0x44ccaf]
V  [jvm.dll+0x44e621]
C  [jli.dll+0x5287]
C  [ucrtbase.dll+0x29333]
C  [KERNEL32.DLL+0x1257d]
C  [ntdll.dll+0x5af28]


---------------  P R O C E S S  ---------------

Threads class SMR info:
_java_thread_list=0x00007ffcc3cab118, length=0, elements={
}

Java Threads: ( => current thread )

Other Threads:
  0x0000026b85ef1e90 WorkerThread "GC Thread#0" [stack: 0x000000fd63f00000,0x000000fd64000000] [id=14072]
  0x0000026b85f02cc0 ConcurrentGCThread "G1 Main Marker" [stack: 0x000000fd64000000,0x000000fd64100000] [id=16000]
  0x0000026b85f03e90 WorkerThread "G1 Conc#0" [stack: 0x000000fd64100000,0x000000fd64200000] [id=9856]

[error occurred during error reporting (printing all threads), id 0xc0000005, EXCEPTION_ACCESS_VIOLATION (0xc0000005) at pc=0x00007ffcc348eea7]
VM state: not at safepoint (not fully initialized)

VM Mutex/Monitor currently owned by a thread:  ([mutex/lock_event])
[0x0000026b85e794b0] Heap_lock - owner thread: 0x0000026b85e7dc90

Heap address: 0x0000000702800000, size: 4056 MB, Compressed Oops mode: Zero based, Oop shift amount: 3

CDS archive(s) mapped at: [0x0000000000000000-0x0000000000000000-0x0000000000000000), size 0, SharedBaseAddress: 0x0000000800000000, ArchiveRelocationMode: 1.
Narrow klass base: 0x0000000000000000, Narrow klass shift: 0, Narrow klass range: 0x0

GC Precious Log:
 CardTable entry size: 512
 Card Set container configuration: InlinePtr #cards 4 size 8 Array Of Cards #cards 16 size 48 Howl #buckets 8 coarsen threshold 3686 Howl Bitmap #cards 512 size 80 coarsen threshold 460 Card regions per heap region 1 cards per card region 4096

Heap:
 garbage-first heap   total 0K, used 0K [0x0000000702800000, 0x0000000800000000)
  region size 2048K, 0 young (0K), 0 survivors (0K)

[error occurred during error reporting (printing heap information), id 0xc0000005, EXCEPTION_ACCESS_VIOLATION (0xc0000005) at pc=0x00007ffcc38647b9]
GC Heap History (0 events):
No events

Dll operation events (1 events):
Event: 0.008 Loaded shared library C:\Program Files\Java\jdk-20\bin\java.dll

Deoptimization events (0 events):
No events

Classes loaded (0 events):
No events

Classes unloaded (0 events):
No events

Classes redefined (0 events):
No events

Internal exceptions (0 events):
No events

VM Operations (0 events):
No events

Events (0 events):
No events


Dynamic libraries:
0x00007ff758df0000 - 0x00007ff758e00000 	C:\Program Files\Java\jdk-20\bin\java.exe
0x00007ffd36dd0000 - 0x00007ffd36fe7000 	C:\WINDOWS\SYSTEM32\ntdll.dll
0x00007ffd353f0000 - 0x00007ffd354b4000 	C:\WINDOWS\System32\KERNEL32.DLL
0x00007ffd34730000 - 0x00007ffd34add000 	C:\WINDOWS\System32\KERNELBASE.dll
0x00007ffd34340000 - 0x00007ffd34451000 	C:\WINDOWS\System32\ucrtbase.dll
0x00007ffd2f7f0000 - 0x00007ffd2f80b000 	C:\Program Files\Java\jdk-20\bin\VCRUNTIME140.dll
0x00007ffd27910000 - 0x00007ffd27929000 	C:\Program Files\Java\jdk-20\bin\jli.dll
0x00007ffd35230000 - 0x00007ffd352e2000 	C:\WINDOWS\System32\ADVAPI32.dll
0x00007ffd36550000 - 0x00007ffd365f7000 	C:\WINDOWS\System32\msvcrt.dll
0x00007ffd35000000 - 0x00007ffd350a9000 	C:\WINDOWS\System32\sechost.dll
0x00007ffd34ae0000 - 0x00007ffd34b08000 	C:\WINDOWS\System32\bcrypt.dll
0x00007ffd350b0000 - 0x00007ffd351c4000 	C:\WINDOWS\System32\RPCRT4.dll
0x00007ffd36610000 - 0x00007ffd367be000 	C:\WINDOWS\System32\USER32.dll
0x00007ffd34310000 - 0x00007ffd34336000 	C:\WINDOWS\System32\win32u.dll
0x00007ffd1f180000 - 0x00007ffd1f413000 	C:\WINDOWS\WinSxS\amd64_microsoft.windows.common-controls_6595b64144ccf1df_6.0.22621.3672_none_2713b9d173822955\COMCTL32.dll
0x00007ffd355c0000 - 0x00007ffd355e9000 	C:\WINDOWS\System32\GDI32.dll
0x00007ffd341f0000 - 0x00007ffd34309000 	C:\WINDOWS\System32\gdi32full.dll
0x00007ffd34460000 - 0x00007ffd344fa000 	C:\WINDOWS\System32\msvcp_win.dll
0x00007ffd2f3d0000 - 0x00007ffd2f3da000 	C:\WINDOWS\SYSTEM32\VERSION.dll
0x00007ffd36500000 - 0x00007ffd36531000 	C:\WINDOWS\System32\IMM32.DLL
0x00007ffd2f7e0000 - 0x00007ffd2f7ec000 	C:\Program Files\Java\jdk-20\bin\vcruntime140_1.dll
0x00007ffce8060000 - 0x00007ffce80ee000 	C:\Program Files\Java\jdk-20\bin\msvcp140.dll
0x00007ffcc3150000 - 0x00007ffcc3de8000 	C:\Program Files\Java\jdk-20\bin\server\jvm.dll
0x00007ffd309d0000 - 0x00007ffd309d9000 	C:\WINDOWS\SYSTEM32\WSOCK32.dll
0x00007ffd2f780000 - 0x00007ffd2f7b4000 	C:\WINDOWS\SYSTEM32\WINMM.dll
0x00007ffd36ae0000 - 0x00007ffd36b51000 	C:\WINDOWS\System32\WS2_32.dll
0x00007ffd33220000 - 0x00007ffd33238000 	C:\WINDOWS\SYSTEM32\kernel.appcore.dll
0x00007ffd2c9c0000 - 0x00007ffd2c9ca000 	C:\Program Files\Java\jdk-20\bin\jimage.dll
0x00007ffd31a40000 - 0x00007ffd31c72000 	C:\WINDOWS\SYSTEM32\DBGHELP.DLL
0x00007ffd34c20000 - 0x00007ffd34fa8000 	C:\WINDOWS\System32\combase.dll
0x00007ffd36870000 - 0x00007ffd36947000 	C:\WINDOWS\System32\OLEAUT32.dll
0x00007ffd1d0d0000 - 0x00007ffd1d102000 	C:\WINDOWS\SYSTEM32\dbgcore.DLL
0x00007ffd34100000 - 0x00007ffd3417b000 	C:\WINDOWS\System32\bcryptPrimitives.dll
0x00007ffd0df30000 - 0x00007ffd0df56000 	C:\Program Files\Java\jdk-20\bin\java.dll

dbghelp: loaded successfully - version: 4.0.5 - missing functions: none
symbol engine: initialized successfully - sym options: 0x614 - pdb path: .;C:\Program Files\Java\jdk-20\bin;C:\WINDOWS\SYSTEM32;C:\WINDOWS\WinSxS\amd64_microsoft.windows.common-controls_6595b64144ccf1df_6.0.22621.3672_none_2713b9d173822955;C:\Program Files\Java\jdk-20\bin\server

VM Arguments:
jvm_args: -Dfile.encoding=UTF-8 --module-path=C:\Users\ar317\OneDrive\Documents\NetBeansProjects\University Management System\build\classes 
java_command: university.management.system.About
java_class_path (initial): C:\Users\ar317\Downloads\mysql-connector-java-8.0.28.jar;C:\Users\ar317\Downloads\jcalendar-tz-1.3.3-4.jar;C:\Users\ar317\Downloads\rs2xml.jar;C:\Users\ar317\OneDrive\Documents\NetBeansProjects\University Management System\build\classes
Launcher Type: SUN_STANDARD

[Global flags]
     intx CICompilerCount                          = 4                                         {product} {ergonomic}
     uint ConcGCThreads                            = 2                                         {product} {ergonomic}
     uint G1ConcRefinementThreads                  = 8                                         {product} {ergonomic}
   size_t G1HeapRegionSize                         = 2097152                                   {product} {ergonomic}
    uintx GCDrainStackTargetSize                   = 64                                        {product} {ergonomic}
   size_t InitialHeapSize                          = 266338304                                 {product} {ergonomic}
   size_t MarkStackSize                            = 4194304                                   {product} {ergonomic}
   size_t MaxHeapSize                              = 4253024256                                {product} {ergonomic}
   size_t MinHeapDeltaBytes                        = 2097152                                   {product} {ergonomic}
   size_t MinHeapSize                              = 8388608                                   {product} {ergonomic}
    uintx NonNMethodCodeHeapSize                   = 5839372                                {pd product} {ergonomic}
    uintx NonProfiledCodeHeapSize                  = 122909434                              {pd product} {ergonomic}
    uintx ProfiledCodeHeapSize                     = 122909434                              {pd product} {ergonomic}
    uintx ReservedCodeCacheSize                    = 251658240                              {pd product} {ergonomic}
     bool SegmentedCodeCache                       = true                                      {product} {ergonomic}
   size_t SoftMaxHeapSize                          = 4253024256                             {manageable} {ergonomic}
     bool UseCompressedClassPointers               = true                           {product lp64_product} {ergonomic}
     bool UseCompressedOops                        = true                           {product lp64_product} {ergonomic}
     bool UseG1GC                                  = true                                      {product} {ergonomic}
     bool UseLargePagesIndividualAllocation        = false                                  {pd product} {ergonomic}

Logging:
Log output configuration:
 #0: stdout all=warning uptime,level,tags foldmultilines=false
 #1: stderr all=off uptime,level,tags foldmultilines=false

Environment Variables:
JAVA_HOME=C:\Program Files\Java\jdk-20
PATH=C:\Program Files\Common Files\Oracle\Java\javapath;C:\Windows\system32;C:\Windows;C:\Windows\System32\Wbem;C:\Windows\System32\WindowsPowerShell\v1.0\;C:\Windows\System32\OpenSSH\;C:\Program Files (x86)\NVIDIA Corporation\PhysX\Common;C:\Program Files\NVIDIA Corporation\NVIDIA NvDLISR;C:\WINDOWS\system32;C:\WINDOWS;C:\WINDOWS\System32\Wbem;C:\WINDOWS\System32\WindowsPowerShell\v1.0\;C:\WINDOWS\System32\OpenSSH\;C:\Program Files\nodejs;C:\Program Files\dotnet\;C:\Program Files\Java\jdk-20\bin;C:\Program Files\Git\cmd;C:\Program Files\nodejs\;C:\Users\ar317\AppData\Local\Programs\Python\Python312\Scripts\;C:\Users\ar317\AppData\Local\Programs\Python\Python312\;C:\Program Files\MySQL\MySQL Shell 8.0\bin\;C:\Users\ar317\AppData\Local\Microsoft\WindowsApps;C:\Users\ar317\AppData\Local\Programs\Microsoft VS Code\bin;C:\Program Files\MinGW\bin;C:\Users\ar317\AppData\Roaming\npm
USERNAME=ar317
OS=Windows_NT
PROCESSOR_IDENTIFIER=Intel64 Family 6 Model 165 Stepping 2, GenuineIntel
TMP=C:\Users\ar317\AppData\Local\Temp
TEMP=C:\Users\ar317\AppData\Local\Temp




---------------  S Y S T E M  ---------------

OS:
 Windows 11 , 64 bit Build 22621 (10.0.22621.3672)
OS uptime: 1 days 8:57 hours

CPU: total 8 (initial active 8) (4 cores per cpu, 2 threads per core) family 6 model 165 stepping 2 microcode 0xe0, cx8, cmov, fxsr, ht, mmx, 3dnowpref, sse, sse2, sse3, ssse3, sse4.1, sse4.2, popcnt, lzcnt, tsc, tscinvbit, avx, avx2, aes, erms, clmul, bmi1, bmi2, adx, fma, vzeroupper, clflush, clflushopt, rdtscp, f16c, pku

Memory: 4k page, system-wide physical 16221M (7314M free)
TotalPageFile size 21152M (AvailPageFile size 64M)
current process WorkingSet (physical memory assigned to process): 11M, peak: 11M
current process commit charge ("private bytes"): 60M, peak: 314M

vm_info: Java HotSpot(TM) 64-Bit Server VM (20.0.2+9-78) for windows-amd64 JRE (20.0.2+9-78), built on 2023-06-14T10:08:48Z by "mach5one" with MS VC++ 17.1 (VS2022)

END.
